# JRE version: Java(TM) SE Runtime Environment (8.0_144-b01) (build 1.8.0_144-b01)
# Java VM: Java HotSpot(TM) 64-Bit Server VM (25.144-b01 mixed mode windows-amd64 compressed oops)
Heap:
 PSYoungGen      total 346112K, used 54786K [0x00000000e0000000, 0x00000000f9000000, 0x0000000100000000)
  eden space 303616K, 10% used [0x00000000e0000000,0x00000000e1e91658,0x00000000f2880000)
  from space 42496K, 55% used [0x00000000f2880000,0x00000000f3f6f318,0x00000000f5200000)
  to   space 41984K, 0% used [0x00000000f6700000,0x00000000f6700000,0x00000000f9000000)
 ParOldGen       total 119808K, used 69225K [0x00000000a0000000, 0x00000000a7500000, 0x00000000e0000000)
  object space 119808K, 57% used [0x00000000a0000000,0x00000000a439a7d0,0x00000000a7500000)
 Metaspace       used 94418K, capacity 98144K, committed 98216K, reserved 1134592K
  class space    used 12374K, capacity 13186K, committed 13224K, reserved 1048576K
GC Heap History (10 events):
Event: 245.721 GC heap before
{Heap before GC invocations=23 (full 4):
 PSYoungGen      total 289280K, used 255148K [0x00000000e0000000, 0x00000000f7180000, 0x0000000100000000)
  eden space 256000K, 99% used [0x00000000e0000000,0x00000000ef92b3d0,0x00000000efa00000)
  from space 33280K, 0% used [0x00000000f2c80000,0x00000000f2c80000,0x00000000f4d00000)
  to   space 51712K, 0% used [0x00000000efa00000,0x00000000efa00000,0x00000000f2c80000)
 ParOldGen       total 119808K, used 69185K [0x00000000a0000000, 0x00000000a7500000, 0x00000000e0000000)
  object space 119808K, 57% used [0x00000000a0000000,0x00000000a43907d0,0x00000000a7500000)
 Metaspace       used 80593K, capacity 82892K, committed 83496K, reserved 1122304K
  class space    used 10672K, capacity 11188K, committed 11304K, reserved 1048576K
Event: 245.730 GC heap after
Heap after GC invocations=23 (full 4):
 PSYoungGen      total 307712K, used 6810K [0x00000000e0000000, 0x00000000f7400000, 0x0000000100000000)
  eden space 256000K, 0% used [0x00000000e0000000,0x00000000e0000000,0x00000000efa00000)
  from space 51712K, 13% used [0x00000000efa00000,0x00000000f00a6a98,0x00000000f2c80000)
  to   space 50176K, 0% used [0x00000000f4300000,0x00000000f4300000,0x00000000f7400000)
 ParOldGen       total 119808K, used 69193K [0x00000000a0000000, 0x00000000a7500000, 0x00000000e0000000)
  object space 119808K, 57% used [0x00000000a0000000,0x00000000a43927d0,0x00000000a7500000)
 Metaspace       used 80593K, capacity 82892K, committed 83496K, reserved 1122304K
  class space    used 10672K, capacity 11188K, committed 11304K, reserved 1048576K
}
Event: 247.677 GC heap before
{Heap before GC invocations=24 (full 4):
 PSYoungGen      total 307712K, used 262810K [0x00000000e0000000, 0x00000000f7400000, 0x0000000100000000)
  eden space 256000K, 100% used [0x00000000e0000000,0x00000000efa00000,0x00000000efa00000)
  from space 51712K, 13% used [0x00000000efa00000,0x00000000f00a6a98,0x00000000f2c80000)
  to   space 50176K, 0% used [0x00000000f4300000,0x00000000f4300000,0x00000000f7400000)
 ParOldGen       total 119808K, used 69193K [0x00000000a0000000, 0x00000000a7500000, 0x00000000e0000000)
  object space 119808K, 57% used [0x00000000a0000000,0x00000000a43927d0,0x00000000a7500000)
 Metaspace       used 83189K, capacity 85740K, committed 85928K, reserved 1124352K
  class space    used 11020K, capacity 11659K, committed 11688K, reserved 1048576K
Event: 247.695 GC heap after
Heap after GC invocations=24 (full 4):
 PSYoungGen      total 330752K, used 12068K [0x00000000e0000000, 0x00000000f7200000, 0x0000000100000000)
  eden space 282624K, 0% used [0x00000000e0000000,0x00000000e0000000,0x00000000f1400000)
  from space 48128K, 25% used [0x00000000f4300000,0x00000000f4ec9010,0x00000000f7200000)
  to   space 48128K, 0% used [0x00000000f1400000,0x00000000f1400000,0x00000000f4300000)
 ParOldGen       total 119808K, used 69201K [0x00000000a0000000, 0x00000000a7500000, 0x00000000e0000000)
  object space 119808K, 57% used [0x00000000a0000000,0x00000000a43947d0,0x00000000a7500000)
 Metaspace       used 83189K, capacity 85740K, committed 85928K, reserved 1124352K
  class space    used 11020K, capacity 11659K, committed 11688K, reserved 1048576K
}
Event: 268.676 GC heap before
{Heap before GC invocations=25 (full 4):
 PSYoungGen      total 330752K, used 294692K [0x00000000e0000000, 0x00000000f7200000, 0x0000000100000000)
  eden space 282624K, 100% used [0x00000000e0000000,0x00000000f1400000,0x00000000f1400000)
  from space 48128K, 25% used [0x00000000f4300000,0x00000000f4ec9010,0x00000000f7200000)
  to   space 48128K, 0% used [0x00000000f1400000,0x00000000f1400000,0x00000000f4300000)
 ParOldGen       total 119808K, used 69201K [0x00000000a0000000, 0x00000000a7500000, 0x00000000e0000000)
  object space 119808K, 57% used [0x00000000a0000000,0x00000000a43947d0,0x00000000a7500000)
 Metaspace       used 84623K, capacity 87410K, committed 87464K, reserved 1124352K
  class space    used 11197K, capacity 11909K, committed 11944K, reserved 1048576K
Event: 268.697 GC heap after
Heap after GC invocations=25 (full 4):
 PSYoungGen      total 330752K, used 16487K [0x00000000e0000000, 0x00000000f8400000, 0x0000000100000000)
  eden space 282624K, 0% used [0x00000000e0000000,0x00000000e0000000,0x00000000f1400000)
  from space 48128K, 34% used [0x00000000f1400000,0x00000000f2419db0,0x00000000f4300000)
  to   space 45056K, 0% used [0x00000000f5800000,0x00000000f5800000,0x00000000f8400000)
 ParOldGen       total 119808K, used 69209K [0x00000000a0000000, 0x00000000a7500000, 0x00000000e0000000)
  object space 119808K, 57% used [0x00000000a0000000,0x00000000a43967d0,0x00000000a7500000)
 Metaspace       used 84623K, capacity 87410K, committed 87464K, reserved 1124352K
  class space    used 11197K, capacity 11909K, committed 11944K, reserved 1048576K
}
Event: 283.179 GC heap before
{Heap before GC invocations=26 (full 4):
 PSYoungGen      total 330752K, used 299111K [0x00000000e0000000, 0x00000000f8400000, 0x0000000100000000)
  eden space 282624K, 100% used [0x00000000e0000000,0x00000000f1400000,0x00000000f1400000)
  from space 48128K, 34% used [0x00000000f1400000,0x00000000f2419db0,0x00000000f4300000)
  to   space 45056K, 0% used [0x00000000f5800000,0x00000000f5800000,0x00000000f8400000)
 ParOldGen       total 119808K, used 69209K [0x00000000a0000000, 0x00000000a7500000, 0x00000000e0000000)
  object space 119808K, 57% used [0x00000000a0000000,0x00000000a43967d0,0x00000000a7500000)
 Metaspace       used 85885K, capacity 88840K, committed 89128K, reserved 1126400K
  class space    used 11311K, capacity 12038K, committed 12072K, reserved 1048576K
Event: 283.202 GC heap after
Heap after GC invocations=26 (full 4):
 PSYoungGen      total 339968K, used 16877K [0x00000000e0000000, 0x00000000f7b80000, 0x0000000100000000)
  eden space 303616K, 0% used [0x00000000e0000000,0x00000000e0000000,0x00000000f2880000)
  from space 36352K, 46% used [0x00000000f5800000,0x00000000f687b660,0x00000000f7b80000)
  to   space 42496K, 0% used [0x00000000f2880000,0x00000000f2880000,0x00000000f5200000)
 ParOldGen       total 119808K, used 69217K [0x00000000a0000000, 0x00000000a7500000, 0x00000000e0000000)
  object space 119808K, 57% used [0x00000000a0000000,0x00000000a43987d0,0x00000000a7500000)
 Metaspace       used 85885K, capacity 88840K, committed 89128K, reserved 1126400K
  class space    used 11311K, capacity 12038K, committed 12072K, reserved 1048576K
}
Event: 293.271 GC heap before
{Heap before GC invocations=27 (full 4):
 PSYoungGen      total 339968K, used 320493K [0x00000000e0000000, 0x00000000f7b80000, 0x0000000100000000)
  eden space 303616K, 100% used [0x00000000e0000000,0x00000000f2880000,0x00000000f2880000)
  from space 36352K, 46% used [0x00000000f5800000,0x00000000f687b660,0x00000000f7b80000)
  to   space 42496K, 0% used [0x00000000f2880000,0x00000000f2880000,0x00000000f5200000)
 ParOldGen       total 119808K, used 69217K [0x00000000a0000000, 0x00000000a7500000, 0x00000000e0000000)
  object space 119808K, 57% used [0x00000000a0000000,0x00000000a43987d0,0x00000000a7500000)
 Metaspace       used 94416K, capacity 98144K, committed 98216K, reserved 1134592K
  class space    used 12374K, capacity 13186K, committed 13224K, reserved 1048576K
Event: 293.314 GC heap after
Heap after GC invocations=27 (full 4):
 PSYoungGen      total 346112K, used 23484K [0x00000000e0000000, 0x00000000f9000000, 0x0000000100000000)
  eden space 303616K, 0% used [0x00000000e0000000,0x00000000e0000000,0x00000000f2880000)
  from space 42496K, 55% used [0x00000000f2880000,0x00000000f3f6f318,0x00000000f5200000)
  to   space 41984K, 0% used [0x00000000f6700000,0x00000000f6700000,0x00000000f9000000)
 ParOldGen       total 119808K, used 69225K [0x00000000a0000000, 0x00000000a7500000, 0x00000000e0000000)
  object space 119808K, 57% used [0x00000000a0000000,0x00000000a439a7d0,0x00000000a7500000)
 Metaspace       used 94416K, capacity 98144K, committed 98216K, reserved 1134592K
  class space    used 12374K, capacity 13186K, committed 13224K, reserved 1048576K
}

